23:52:30 [main] INFO       listeners.TestNGListener -- Test Passed: runScenario
23:53:15 [main] INFO       listeners.TestNGListener -- Test Passed: runScenario
23:53:47 [main] INFO       listeners.TestNGListener -- Test Passed: runScenario
23:55:31 [main] INFO       listeners.TestNGListener -- Test Suite Started...
23:56:52 [main] INFO       listeners.TestNGListener -- Test Suite Started...
23:57:16 [main] INFO       listeners.TestNGListener -- Test Passed: runScenario
23:57:52 [main] INFO       listeners.TestNGListener -- Test Passed: runScenario
23:58:20 [main] INFO       listeners.TestNGListener -- Test Passed: runScenario
23:58:20 [main] INFO       listeners.TestNGListener -- Test Suite Finished...
00:03:10 [main] INFO       listeners.TestNGListener -- Test Suite Started...
00:03:35 [main] INFO       listeners.TestNGListener -- Test Passed: runScenario
00:04:13 [main] INFO       listeners.TestNGListener -- Test Passed: runScenario
00:04:39 [main] INFO       listeners.TestNGListener -- Test Passed: runScenario
00:04:39 [main] INFO       listeners.TestNGListener -- Test Suite Finished...
00:05:32 [main] INFO       listeners.TestNGListener -- Test Suite Started
00:07:42 [main] INFO       listeners.TestNGListener -- Test Suite Started
00:08:09 [main] INFO       listeners.TestNGListener -- Test Passed ✔️: runScenario
00:08:44 [main] INFO       listeners.TestNGListener -- Test Passed ✔️: runScenario
00:09:11 [main] INFO       listeners.TestNGListener -- Test Passed ✔️: runScenario
00:09:11 [main] INFO       listeners.TestNGListener -- Test Suite Finished
00:10:43 [main] INFO       listeners.TestNGListener -- Test Suite Started
00:11:12 [main] INFO       listeners.TestNGListener -- Test Passed ✔️: runScenario
00:13:32 [main] INFO       listeners.TestNGListener -- Test Suite Started
00:13:32 [main] INFO       listeners.TestNGListener -- Test Started: runScenario
00:14:06 [main] INFO       listeners.TestNGListener -- Test Passed: runScenario
00:14:06 [main] INFO       listeners.TestNGListener -- Test Started: runScenario
00:14:42 [main] INFO       listeners.TestNGListener -- Test Passed: runScenario
00:14:42 [main] INFO       listeners.TestNGListener -- Test Started: runScenario
00:15:14 [main] INFO       listeners.TestNGListener -- Test Passed: runScenario
00:15:14 [main] INFO       listeners.TestNGListener -- Test Suite Finished
00:24:38 [main] INFO       listeners.TestNGListener -- Test Suite Started
00:24:39 [main] INFO       listeners.TestNGListener -- Test Started: runScenario
00:28:26 [main] INFO       listeners.TestNGListener -- Test Suite Started
00:28:27 [main] INFO       listeners.TestNGListener -- Test Started: runScenario
00:29:03 [main] INFO       listeners.TestNGListener -- Test Passed: runScenario
00:29:03 [main] INFO       listeners.TestNGListener -- Test Started: runScenario
00:29:38 [main] INFO       listeners.TestNGListener -- Test Passed: runScenario
00:29:38 [main] INFO       listeners.TestNGListener -- Test Started: runScenario
00:30:15 [main] INFO       listeners.TestNGListener -- Test Passed: runScenario
00:30:15 [main] INFO       listeners.TestNGListener -- Test Suite Finished
16:21:08 [main] INFO       listeners.TestNGListener -- Test Suite Started
16:21:08 [main] INFO       listeners.TestNGListener -- Test Started: runScenario
16:21:40 [main] INFO       listeners.TestNGListener -- Test Passed: runScenario
16:21:40 [main] INFO       listeners.TestNGListener -- Test Started: runScenario
16:26:17 [main] INFO       listeners.TestNGListener -- Test Suite Started
16:26:17 [main] INFO       listeners.TestNGListener -- Test Started: runScenario
16:27:20 [main] INFO       listeners.TestNGListener -- Test Suite Started
16:27:20 [main] INFO       listeners.TestNGListener -- Test Started: runScenario
16:29:29 [main] INFO       listeners.TestNGListener -- Test Suite Started
16:29:29 [main] INFO       listeners.TestNGListener -- Test Started: runScenario
16:29:50 [main] INFO       listeners.TestNGListener -- Test Passed: runScenario
16:29:50 [main] INFO       listeners.TestNGListener -- Test Started: runScenario
16:30:34 [main] INFO       listeners.TestNGListener -- Test Passed: runScenario
16:30:34 [main] INFO       listeners.TestNGListener -- Test Started: runScenario
16:31:07 [main] INFO       listeners.TestNGListener -- Test Passed: runScenario
16:31:07 [main] INFO       listeners.TestNGListener -- Test Suite Finished
16:33:17 [main] INFO       listeners.TestNGListener -- Test Suite Started
16:33:17 [main] INFO       listeners.TestNGListener -- Test Suite Finished
16:35:27 [main] INFO       listeners.TestNGListener -- Test Suite Started
16:35:27 [main] INFO       listeners.TestNGListener -- Test Started: runScenario
16:36:00 [main] INFO       listeners.TestNGListener -- Test Passed: runScenario
16:36:00 [main] INFO       listeners.TestNGListener -- Test Started: runScenario
16:36:30 [main] INFO       listeners.TestNGListener -- Test Passed: runScenario
16:36:30 [main] INFO       listeners.TestNGListener -- Test Started: runScenario
16:36:57 [main] INFO       listeners.TestNGListener -- Test Passed: runScenario
16:36:57 [main] INFO       listeners.TestNGListener -- Test Suite Finished
